<?xml version="1.0" encoding="UTF-8"?>
<!-- Generated by org.testng.reporters.JUnitXMLReporter -->
<testsuite ignored="0" hostname="DESKTOP-81DQ3B8" failures="1" tests="1" name="Command line test" time="6.226" errors="0" timestamp="2023-11-21T13:26:46 IST">
  <testcase classname="com.sr.tests.DemoTest" name="testLogin" time="6.202">
    <failure type="org.openqa.selenium.SessionNotCreatedException" message="session not created: This version of ChromeDriver only supports Chrome version 114
Current browser version is 119.0.6045.124 with binary path C:\Users\Dell\AppData\Local\Google\Chrome\Application\chrome.exe
Build info: version: &amp;apos;3.141.59&amp;apos;, revision: &amp;apos;e82be7d358&amp;apos;, time: &amp;apos;2018-11-14T08:17:03&amp;apos;
System info: host: &amp;apos;DESKTOP-81DQ3B8&amp;apos;, ip: &amp;apos;172.25.176.1&amp;apos;, os.name: &amp;apos;Windows 10&amp;apos;, os.arch: &amp;apos;amd64&amp;apos;, os.version: &amp;apos;10.0&amp;apos;, java.version: &amp;apos;16.0.1&amp;apos;
Driver info: driver.version: ChromeDriver
remote stacktrace: Backtrace:
	GetHandleVerifier [0x009FA813+48355]
	(No symbol) [0x0098C4B1]
	(No symbol) [0x00895358]
	(No symbol) [0x008B61AC]
	(No symbol) [0x008B1EF3]
	(No symbol) [0x008B0579]
	(No symbol) [0x008E0C55]
	(No symbol) [0x008E093C]
	(No symbol) [0x008DA536]
	(No symbol) [0x008B82DC]
	(No symbol) [0x008B93DD]
	GetHandleVerifier [0x00C5AABD+2539405]
	GetHandleVerifier [0x00C9A78F+2800735]
	GetHandleVerifier [0x00C9456C+2775612]
	GetHandleVerifier [0x00A851E0+616112]
	(No symbol) [0x00995F8C]
	(No symbol) [0x00992328]
	(No symbol) [0x0099240B]
	(No symbol) [0x00984FF7]
	BaseThreadInitThunk [0x7704FCC9+25]
	RtlGetAppContainerNamedObjectPath [0x77257C6E+286]
	RtlGetAppContainerNamedObjectPath [0x77257C3E+238]
">
      <![CDATA[org.openqa.selenium.SessionNotCreatedException: session not created: This version of ChromeDriver only supports Chrome version 114
Current browser version is 119.0.6045.124 with binary path C:\Users\Dell\AppData\Local\Google\Chrome\Application\chrome.exe
Build info: version: '3.141.59', revision: 'e82be7d358', time: '2018-11-14T08:17:03'
System info: host: 'DESKTOP-81DQ3B8', ip: '172.25.176.1', os.name: 'Windows 10', os.arch: 'amd64', os.version: '10.0', java.version: '16.0.1'
Driver info: driver.version: ChromeDriver
remote stacktrace: Backtrace:
GetHandleVerifier [0x009FA813+48355]
(No symbol) [0x0098C4B1]
(No symbol) [0x00895358]
(No symbol) [0x008B61AC]
(No symbol) [0x008B1EF3]
(No symbol) [0x008B0579]
(No symbol) [0x008E0C55]
(No symbol) [0x008E093C]
(No symbol) [0x008DA536]
(No symbol) [0x008B82DC]
(No symbol) [0x008B93DD]
GetHandleVerifier [0x00C5AABD+2539405]
GetHandleVerifier [0x00C9A78F+2800735]
GetHandleVerifier [0x00C9456C+2775612]
GetHandleVerifier [0x00A851E0+616112]
(No symbol) [0x00995F8C]
(No symbol) [0x00992328]
(No symbol) [0x0099240B]
(No symbol) [0x00984FF7]
BaseThreadInitThunk [0x7704FCC9+25]
RtlGetAppContainerNamedObjectPath [0x77257C6E+286]
RtlGetAppContainerNamedObjectPath [0x77257C3E+238]

at org.openqa.selenium.remote.W3CHandshakeResponse.lambda$errorHandler$0(W3CHandshakeResponse.java:62)
at org.openqa.selenium.remote.HandshakeResponse.lambda$getResponseFunction$0(HandshakeResponse.java:30)
at org.openqa.selenium.remote.ProtocolHandshake.lambda$createSession$0(ProtocolHandshake.java:126)
at java.base/java.util.stream.ReferencePipeline$3$1.accept(ReferencePipeline.java:197)
at java.base/java.util.Spliterators$ArraySpliterator.tryAdvance(Spliterators.java:958)
at java.base/java.util.stream.ReferencePipeline.forEachWithCancel(ReferencePipeline.java:129)
at java.base/java.util.stream.AbstractPipeline.copyIntoWithCancel(AbstractPipeline.java:502)
at java.base/java.util.stream.AbstractPipeline.copyInto(AbstractPipeline.java:488)
at java.base/java.util.stream.AbstractPipeline.wrapAndCopyInto(AbstractPipeline.java:474)
at java.base/java.util.stream.FindOps$FindOp.evaluateSequential(FindOps.java:150)
at java.base/java.util.stream.AbstractPipeline.evaluate(AbstractPipeline.java:234)
at java.base/java.util.stream.ReferencePipeline.findFirst(ReferencePipeline.java:647)
at org.openqa.selenium.remote.ProtocolHandshake.createSession(ProtocolHandshake.java:128)
at org.openqa.selenium.remote.ProtocolHandshake.createSession(ProtocolHandshake.java:74)
at org.openqa.selenium.remote.HttpCommandExecutor.execute(HttpCommandExecutor.java:136)
at org.openqa.selenium.remote.service.DriverCommandExecutor.execute(DriverCommandExecutor.java:83)
at org.openqa.selenium.remote.RemoteWebDriver.execute(RemoteWebDriver.java:552)
at org.openqa.selenium.remote.RemoteWebDriver.startSession(RemoteWebDriver.java:213)
at org.openqa.selenium.remote.RemoteWebDriver.<init>(RemoteWebDriver.java:131)
at org.openqa.selenium.chrome.ChromeDriver.<init>(ChromeDriver.java:181)
at org.openqa.selenium.chrome.ChromeDriver.<init>(ChromeDriver.java:168)
at org.openqa.selenium.chrome.ChromeDriver.<init>(ChromeDriver.java:123)
at com.sr.tests.DemoTest.testLogin(DemoTest.java:22)
at java.base/java.util.ArrayList.forEach(ArrayList.java:1511)
... Removed 41 stack frames]]>
    </failure>
  </testcase> <!-- testLogin -->
</testsuite> <!-- Command line test -->
